



The Network Topology:
--------------------------------------------------------
The Network Routers : 
Switch ==>  00:00:00:00:00:00:00:0a
Switch ==>  00:00:00:00:00:00:00:0c
Switch ==>  00:00:00:00:00:00:00:0b
Switch ==>  00:00:00:00:00:00:00:0e
Switch ==>  00:00:00:00:00:00:00:0d
Switch ==>  00:00:00:00:00:00:00:0f
Switch ==>  00:00:00:00:00:00:00:09
Switch ==>  00:00:00:00:00:00:00:08
Switch ==>  00:00:00:00:00:00:00:01
Switch ==>  00:00:00:00:00:00:00:03
Switch ==>  00:00:00:00:00:00:00:02
Switch ==>  00:00:00:00:00:00:00:05
Switch ==>  00:00:00:00:00:00:00:04
Switch ==>  00:00:00:00:00:00:00:07
Switch ==>  00:00:00:00:00:00:00:06
number nodes 15
V [0, 1, 2, 3, 4, 5, 6, 7, 8, 9, 10, 11, 12, 13, 14]
successors [1, 2, 6, 5, 4, 5, 1, 1, 1, 1, 1, 1, 1, 1, 1]
VV 00:00:00:00:00:00:00:0a 0 0
WW 00:00:00:00:00:00:00:0b
w 2
VV 00:00:00:00:00:00:00:0b 2 2
WW 00:00:00:00:00:00:00:0a
w 0
WW 00:00:00:00:00:00:00:0e
w 3
WW 00:00:00:00:00:00:00:0d
w 4
WW 00:00:00:00:00:00:00:09
w 6
WW 00:00:00:00:00:00:00:01
w 8
WW 00:00:00:00:00:00:00:04
w 12
VV 00:00:00:00:00:00:00:0e 3 3
WW 00:00:00:00:00:00:00:08
w 7
WW 00:00:00:00:00:00:00:0c
w 1
WW 00:00:00:00:00:00:00:0b
w 2
WW 00:00:00:00:00:00:00:0d
w 4
WW 00:00:00:00:00:00:00:0f
w 5
VV 00:00:00:00:00:00:00:0d 4 4
WW 00:00:00:00:00:00:00:0c
w 1
WW 00:00:00:00:00:00:00:0b
w 2
WW 00:00:00:00:00:00:00:0e
w 3
WW 00:00:00:00:00:00:00:06
w 14
VV 00:00:00:00:00:00:00:09 6 6
WW 00:00:00:00:00:00:00:0b
w 2
VV 00:00:00:00:00:00:00:01 8 8
WW 00:00:00:00:00:00:00:0b
w 2
VV 00:00:00:00:00:00:00:04 12 12
WW 00:00:00:00:00:00:00:0b
w 2
VV 00:00:00:00:00:00:00:08 7 7
WW 00:00:00:00:00:00:00:0e
w 3
VV 00:00:00:00:00:00:00:0c 1 1
WW 00:00:00:00:00:00:00:0e
w 3
WW 00:00:00:00:00:00:00:0d
w 4
VV 00:00:00:00:00:00:00:0f 5 5
WW 00:00:00:00:00:00:00:05
w 11
WW 00:00:00:00:00:00:00:03
w 9
WW 00:00:00:00:00:00:00:02
w 10
WW 00:00:00:00:00:00:00:0e
w 3
WW 00:00:00:00:00:00:00:07
w 13
VV 00:00:00:00:00:00:00:06 14 14
WW 00:00:00:00:00:00:00:0d
w 4
VV 00:00:00:00:00:00:00:05 11 11
WW 00:00:00:00:00:00:00:0f
w 5
VV 00:00:00:00:00:00:00:03 9 9
WW 00:00:00:00:00:00:00:0f
w 5
VV 00:00:00:00:00:00:00:02 10 10
WW 00:00:00:00:00:00:00:0f
w 5
VV 00:00:00:00:00:00:00:07 13 13
WW 00:00:00:00:00:00:00:0f
w 5
VV 00:00:00:00:00:00:00:0c 1 1
WW 00:00:00:00:00:00:00:0e
w 3
WW 00:00:00:00:00:00:00:0d
w 4
VV 00:00:00:00:00:00:00:0e 3 3
WW 00:00:00:00:00:00:00:08
w 7
WW 00:00:00:00:00:00:00:0c
w 1
WW 00:00:00:00:00:00:00:0b
w 2
WW 00:00:00:00:00:00:00:0d
w 4
WW 00:00:00:00:00:00:00:0f
w 5
VV 00:00:00:00:00:00:00:0d 4 4
WW 00:00:00:00:00:00:00:0c
w 1
WW 00:00:00:00:00:00:00:0b
w 2
WW 00:00:00:00:00:00:00:0e
w 3
WW 00:00:00:00:00:00:00:06
w 14
VV 00:00:00:00:00:00:00:08 7 7
WW 00:00:00:00:00:00:00:0e
w 3
VV 00:00:00:00:00:00:00:0b 2 2
WW 00:00:00:00:00:00:00:0a
w 0
WW 00:00:00:00:00:00:00:0e
w 3
WW 00:00:00:00:00:00:00:0d
w 4
WW 00:00:00:00:00:00:00:09
w 6
WW 00:00:00:00:00:00:00:01
w 8
WW 00:00:00:00:00:00:00:04
w 12
VV 00:00:00:00:00:00:00:0f 5 5
WW 00:00:00:00:00:00:00:05
w 11
WW 00:00:00:00:00:00:00:03
w 9
WW 00:00:00:00:00:00:00:02
w 10
WW 00:00:00:00:00:00:00:0e
w 3
WW 00:00:00:00:00:00:00:07
w 13
VV 00:00:00:00:00:00:00:06 14 14
WW 00:00:00:00:00:00:00:0d
w 4
VV 00:00:00:00:00:00:00:0a 0 0
WW 00:00:00:00:00:00:00:0b
w 2
VV 00:00:00:00:00:00:00:09 6 6
WW 00:00:00:00:00:00:00:0b
w 2
VV 00:00:00:00:00:00:00:01 8 8
WW 00:00:00:00:00:00:00:0b
w 2
VV 00:00:00:00:00:00:00:04 12 12
WW 00:00:00:00:00:00:00:0b
w 2
VV 00:00:00:00:00:00:00:05 11 11
WW 00:00:00:00:00:00:00:0f
w 5
VV 00:00:00:00:00:00:00:03 9 9
WW 00:00:00:00:00:00:00:0f
w 5
VV 00:00:00:00:00:00:00:02 10 10
WW 00:00:00:00:00:00:00:0f
w 5
VV 00:00:00:00:00:00:00:07 13 13
WW 00:00:00:00:00:00:00:0f
w 5
VV 00:00:00:00:00:00:00:0b 2 2
WW 00:00:00:00:00:00:00:0a
w 0
WW 00:00:00:00:00:00:00:0e
w 3
WW 00:00:00:00:00:00:00:0d
w 4
WW 00:00:00:00:00:00:00:09
w 6
WW 00:00:00:00:00:00:00:01
w 8
WW 00:00:00:00:00:00:00:04
w 12
VV 00:00:00:00:00:00:00:0a 0 0
WW 00:00:00:00:00:00:00:0b
w 2
VV 00:00:00:00:00:00:00:0e 3 3
WW 00:00:00:00:00:00:00:08
w 7
WW 00:00:00:00:00:00:00:0c
w 1
WW 00:00:00:00:00:00:00:0b
w 2
WW 00:00:00:00:00:00:00:0d
w 4
WW 00:00:00:00:00:00:00:0f
w 5
VV 00:00:00:00:00:00:00:0d 4 4
WW 00:00:00:00:00:00:00:0c
w 1
WW 00:00:00:00:00:00:00:0b
w 2
WW 00:00:00:00:00:00:00:0e
w 3
WW 00:00:00:00:00:00:00:06
w 14
VV 00:00:00:00:00:00:00:09 6 6
WW 00:00:00:00:00:00:00:0b
w 2
VV 00:00:00:00:00:00:00:01 8 8
WW 00:00:00:00:00:00:00:0b
w 2
VV 00:00:00:00:00:00:00:04 12 12
WW 00:00:00:00:00:00:00:0b
w 2
VV 00:00:00:00:00:00:00:08 7 7
WW 00:00:00:00:00:00:00:0e
w 3
VV 00:00:00:00:00:00:00:0c 1 1
WW 00:00:00:00:00:00:00:0e
w 3
WW 00:00:00:00:00:00:00:0d
w 4
VV 00:00:00:00:00:00:00:0f 5 5
WW 00:00:00:00:00:00:00:05
w 11
WW 00:00:00:00:00:00:00:03
w 9
WW 00:00:00:00:00:00:00:02
w 10
WW 00:00:00:00:00:00:00:0e
w 3
WW 00:00:00:00:00:00:00:07
w 13
VV 00:00:00:00:00:00:00:06 14 14
WW 00:00:00:00:00:00:00:0d
w 4
VV 00:00:00:00:00:00:00:05 11 11
WW 00:00:00:00:00:00:00:0f
w 5
VV 00:00:00:00:00:00:00:03 9 9
WW 00:00:00:00:00:00:00:0f
w 5
VV 00:00:00:00:00:00:00:02 10 10
WW 00:00:00:00:00:00:00:0f
w 5
VV 00:00:00:00:00:00:00:07 13 13
WW 00:00:00:00:00:00:00:0f
w 5
VV 00:00:00:00:00:00:00:0e 3 3
WW 00:00:00:00:00:00:00:08
w 7
WW 00:00:00:00:00:00:00:0c
w 1
WW 00:00:00:00:00:00:00:0b
w 2
WW 00:00:00:00:00:00:00:0d
w 4
WW 00:00:00:00:00:00:00:0f
w 5
VV 00:00:00:00:00:00:00:08 7 7
WW 00:00:00:00:00:00:00:0e
w 3
VV 00:00:00:00:00:00:00:0c 1 1
WW 00:00:00:00:00:00:00:0e
w 3
WW 00:00:00:00:00:00:00:0d
w 4
VV 00:00:00:00:00:00:00:0b 2 2
WW 00:00:00:00:00:00:00:0a
w 0
WW 00:00:00:00:00:00:00:0e
w 3
WW 00:00:00:00:00:00:00:0d
w 4
WW 00:00:00:00:00:00:00:09
w 6
WW 00:00:00:00:00:00:00:01
w 8
WW 00:00:00:00:00:00:00:04
w 12
VV 00:00:00:00:00:00:00:0d 4 4
WW 00:00:00:00:00:00:00:0c
w 1
WW 00:00:00:00:00:00:00:0b
w 2
WW 00:00:00:00:00:00:00:0e
w 3
WW 00:00:00:00:00:00:00:06
w 14
VV 00:00:00:00:00:00:00:0f 5 5
WW 00:00:00:00:00:00:00:05
w 11
WW 00:00:00:00:00:00:00:03
w 9
WW 00:00:00:00:00:00:00:02
w 10
WW 00:00:00:00:00:00:00:0e
w 3
WW 00:00:00:00:00:00:00:07
w 13
VV 00:00:00:00:00:00:00:0a 0 0
WW 00:00:00:00:00:00:00:0b
w 2
VV 00:00:00:00:00:00:00:09 6 6
WW 00:00:00:00:00:00:00:0b
w 2
VV 00:00:00:00:00:00:00:01 8 8
WW 00:00:00:00:00:00:00:0b
w 2
VV 00:00:00:00:00:00:00:04 12 12
WW 00:00:00:00:00:00:00:0b
w 2
VV 00:00:00:00:00:00:00:06 14 14
WW 00:00:00:00:00:00:00:0d
w 4
VV 00:00:00:00:00:00:00:05 11 11
WW 00:00:00:00:00:00:00:0f
w 5
VV 00:00:00:00:00:00:00:03 9 9
WW 00:00:00:00:00:00:00:0f
w 5
VV 00:00:00:00:00:00:00:02 10 10
WW 00:00:00:00:00:00:00:0f
w 5
VV 00:00:00:00:00:00:00:07 13 13
WW 00:00:00:00:00:00:00:0f
w 5
VV 00:00:00:00:00:00:00:0d 4 4
WW 00:00:00:00:00:00:00:0c
w 1
WW 00:00:00:00:00:00:00:0b
w 2
WW 00:00:00:00:00:00:00:0e
w 3
WW 00:00:00:00:00:00:00:06
w 14
VV 00:00:00:00:00:00:00:0c 1 1
WW 00:00:00:00:00:00:00:0e
w 3
WW 00:00:00:00:00:00:00:0d
w 4
VV 00:00:00:00:00:00:00:0b 2 2
WW 00:00:00:00:00:00:00:0a
w 0
WW 00:00:00:00:00:00:00:0e
w 3
WW 00:00:00:00:00:00:00:0d
w 4
WW 00:00:00:00:00:00:00:09
w 6
WW 00:00:00:00:00:00:00:01
w 8
WW 00:00:00:00:00:00:00:04
w 12
VV 00:00:00:00:00:00:00:0e 3 3
WW 00:00:00:00:00:00:00:08
w 7
WW 00:00:00:00:00:00:00:0c
w 1
WW 00:00:00:00:00:00:00:0b
w 2
WW 00:00:00:00:00:00:00:0d
w 4
WW 00:00:00:00:00:00:00:0f
w 5
VV 00:00:00:00:00:00:00:06 14 14
WW 00:00:00:00:00:00:00:0d
w 4
VV 00:00:00:00:00:00:00:0a 0 0
WW 00:00:00:00:00:00:00:0b
w 2
VV 00:00:00:00:00:00:00:09 6 6
WW 00:00:00:00:00:00:00:0b
w 2
VV 00:00:00:00:00:00:00:01 8 8
WW 00:00:00:00:00:00:00:0b
w 2
VV 00:00:00:00:00:00:00:04 12 12
WW 00:00:00:00:00:00:00:0b
w 2
VV 00:00:00:00:00:00:00:08 7 7
WW 00:00:00:00:00:00:00:0e
w 3
VV 00:00:00:00:00:00:00:0f 5 5
WW 00:00:00:00:00:00:00:05
w 11
WW 00:00:00:00:00:00:00:03
w 9
WW 00:00:00:00:00:00:00:02
w 10
WW 00:00:00:00:00:00:00:0e
w 3
WW 00:00:00:00:00:00:00:07
w 13
VV 00:00:00:00:00:00:00:05 11 11
WW 00:00:00:00:00:00:00:0f
w 5
VV 00:00:00:00:00:00:00:03 9 9
WW 00:00:00:00:00:00:00:0f
w 5
VV 00:00:00:00:00:00:00:02 10 10
WW 00:00:00:00:00:00:00:0f
w 5
VV 00:00:00:00:00:00:00:07 13 13
WW 00:00:00:00:00:00:00:0f
w 5
VV 00:00:00:00:00:00:00:0f 5 5
WW 00:00:00:00:00:00:00:05
w 11
WW 00:00:00:00:00:00:00:03
w 9
WW 00:00:00:00:00:00:00:02
w 10
WW 00:00:00:00:00:00:00:0e
w 3
WW 00:00:00:00:00:00:00:07
w 13
VV 00:00:00:00:00:00:00:05 11 11
WW 00:00:00:00:00:00:00:0f
w 5
VV 00:00:00:00:00:00:00:03 9 9
WW 00:00:00:00:00:00:00:0f
w 5
VV 00:00:00:00:00:00:00:02 10 10
WW 00:00:00:00:00:00:00:0f
w 5
VV 00:00:00:00:00:00:00:0e 3 3
WW 00:00:00:00:00:00:00:08
w 7
WW 00:00:00:00:00:00:00:0c
w 1
WW 00:00:00:00:00:00:00:0b
w 2
WW 00:00:00:00:00:00:00:0d
w 4
WW 00:00:00:00:00:00:00:0f
w 5
VV 00:00:00:00:00:00:00:07 13 13
WW 00:00:00:00:00:00:00:0f
w 5
VV 00:00:00:00:00:00:00:08 7 7
WW 00:00:00:00:00:00:00:0e
w 3
VV 00:00:00:00:00:00:00:0c 1 1
WW 00:00:00:00:00:00:00:0e
w 3
WW 00:00:00:00:00:00:00:0d
w 4
VV 00:00:00:00:00:00:00:0b 2 2
WW 00:00:00:00:00:00:00:0a
w 0
WW 00:00:00:00:00:00:00:0e
w 3
WW 00:00:00:00:00:00:00:0d
w 4
WW 00:00:00:00:00:00:00:09
w 6
WW 00:00:00:00:00:00:00:01
w 8
WW 00:00:00:00:00:00:00:04
w 12
VV 00:00:00:00:00:00:00:0d 4 4
WW 00:00:00:00:00:00:00:0c
w 1
WW 00:00:00:00:00:00:00:0b
w 2
WW 00:00:00:00:00:00:00:0e
w 3
WW 00:00:00:00:00:00:00:06
w 14
VV 00:00:00:00:00:00:00:0a 0 0
WW 00:00:00:00:00:00:00:0b
w 2
VV 00:00:00:00:00:00:00:09 6 6
WW 00:00:00:00:00:00:00:0b
w 2
VV 00:00:00:00:00:00:00:01 8 8
WW 00:00:00:00:00:00:00:0b
w 2
VV 00:00:00:00:00:00:00:04 12 12
WW 00:00:00:00:00:00:00:0b
w 2
VV 00:00:00:00:00:00:00:06 14 14
WW 00:00:00:00:00:00:00:0d
w 4
VV 00:00:00:00:00:00:00:09 6 6
WW 00:00:00:00:00:00:00:0b
w 2
VV 00:00:00:00:00:00:00:0b 2 2
WW 00:00:00:00:00:00:00:0a
w 0
WW 00:00:00:00:00:00:00:0e
w 3
WW 00:00:00:00:00:00:00:0d
w 4
WW 00:00:00:00:00:00:00:09
w 6
WW 00:00:00:00:00:00:00:01
w 8
WW 00:00:00:00:00:00:00:04
w 12
VV 00:00:00:00:00:00:00:0a 0 0
WW 00:00:00:00:00:00:00:0b
w 2
VV 00:00:00:00:00:00:00:0e 3 3
WW 00:00:00:00:00:00:00:08
w 7
WW 00:00:00:00:00:00:00:0c
w 1
WW 00:00:00:00:00:00:00:0b
w 2
WW 00:00:00:00:00:00:00:0d
w 4
WW 00:00:00:00:00:00:00:0f
w 5
VV 00:00:00:00:00:00:00:0d 4 4
WW 00:00:00:00:00:00:00:0c
w 1
WW 00:00:00:00:00:00:00:0b
w 2
WW 00:00:00:00:00:00:00:0e
w 3
WW 00:00:00:00:00:00:00:06
w 14
VV 00:00:00:00:00:00:00:01 8 8
WW 00:00:00:00:00:00:00:0b
w 2
VV 00:00:00:00:00:00:00:04 12 12
WW 00:00:00:00:00:00:00:0b
w 2
VV 00:00:00:00:00:00:00:08 7 7
WW 00:00:00:00:00:00:00:0e
w 3
VV 00:00:00:00:00:00:00:0c 1 1
WW 00:00:00:00:00:00:00:0e
w 3
WW 00:00:00:00:00:00:00:0d
w 4
VV 00:00:00:00:00:00:00:0f 5 5
WW 00:00:00:00:00:00:00:05
w 11
WW 00:00:00:00:00:00:00:03
w 9
WW 00:00:00:00:00:00:00:02
w 10
WW 00:00:00:00:00:00:00:0e
w 3
WW 00:00:00:00:00:00:00:07
w 13
VV 00:00:00:00:00:00:00:06 14 14
WW 00:00:00:00:00:00:00:0d
w 4
VV 00:00:00:00:00:00:00:05 11 11
WW 00:00:00:00:00:00:00:0f
w 5
VV 00:00:00:00:00:00:00:03 9 9
WW 00:00:00:00:00:00:00:0f
w 5
VV 00:00:00:00:00:00:00:02 10 10
WW 00:00:00:00:00:00:00:0f
w 5
VV 00:00:00:00:00:00:00:07 13 13
WW 00:00:00:00:00:00:00:0f
w 5
VV 00:00:00:00:00:00:00:08 7 7
WW 00:00:00:00:00:00:00:0e
w 3
VV 00:00:00:00:00:00:00:0e 3 3
WW 00:00:00:00:00:00:00:08
w 7
WW 00:00:00:00:00:00:00:0c
w 1
WW 00:00:00:00:00:00:00:0b
w 2
WW 00:00:00:00:00:00:00:0d
w 4
WW 00:00:00:00:00:00:00:0f
w 5
VV 00:00:00:00:00:00:00:0c 1 1
WW 00:00:00:00:00:00:00:0e
w 3
WW 00:00:00:00:00:00:00:0d
w 4
VV 00:00:00:00:00:00:00:0b 2 2
WW 00:00:00:00:00:00:00:0a
w 0
WW 00:00:00:00:00:00:00:0e
w 3
WW 00:00:00:00:00:00:00:0d
w 4
WW 00:00:00:00:00:00:00:09
w 6
WW 00:00:00:00:00:00:00:01
w 8
WW 00:00:00:00:00:00:00:04
w 12
VV 00:00:00:00:00:00:00:0d 4 4
WW 00:00:00:00:00:00:00:0c
w 1
WW 00:00:00:00:00:00:00:0b
w 2
WW 00:00:00:00:00:00:00:0e
w 3
WW 00:00:00:00:00:00:00:06
w 14
VV 00:00:00:00:00:00:00:0f 5 5
WW 00:00:00:00:00:00:00:05
w 11
WW 00:00:00:00:00:00:00:03
w 9
WW 00:00:00:00:00:00:00:02
w 10
WW 00:00:00:00:00:00:00:0e
w 3
WW 00:00:00:00:00:00:00:07
w 13
VV 00:00:00:00:00:00:00:0a 0 0
WW 00:00:00:00:00:00:00:0b
w 2
VV 00:00:00:00:00:00:00:09 6 6
WW 00:00:00:00:00:00:00:0b
w 2
VV 00:00:00:00:00:00:00:01 8 8
WW 00:00:00:00:00:00:00:0b
w 2
VV 00:00:00:00:00:00:00:04 12 12
WW 00:00:00:00:00:00:00:0b
w 2
VV 00:00:00:00:00:00:00:06 14 14
WW 00:00:00:00:00:00:00:0d
w 4
VV 00:00:00:00:00:00:00:05 11 11
WW 00:00:00:00:00:00:00:0f
w 5
VV 00:00:00:00:00:00:00:03 9 9
WW 00:00:00:00:00:00:00:0f
w 5
VV 00:00:00:00:00:00:00:02 10 10
WW 00:00:00:00:00:00:00:0f
w 5
VV 00:00:00:00:00:00:00:07 13 13
WW 00:00:00:00:00:00:00:0f
w 5
VV 00:00:00:00:00:00:00:01 8 8
WW 00:00:00:00:00:00:00:0b
w 2
VV 00:00:00:00:00:00:00:0b 2 2
WW 00:00:00:00:00:00:00:0a
w 0
WW 00:00:00:00:00:00:00:0e
w 3
WW 00:00:00:00:00:00:00:0d
w 4
WW 00:00:00:00:00:00:00:09
w 6
WW 00:00:00:00:00:00:00:01
w 8
WW 00:00:00:00:00:00:00:04
w 12
VV 00:00:00:00:00:00:00:0a 0 0
WW 00:00:00:00:00:00:00:0b
w 2
VV 00:00:00:00:00:00:00:0e 3 3
WW 00:00:00:00:00:00:00:08
w 7
WW 00:00:00:00:00:00:00:0c
w 1
WW 00:00:00:00:00:00:00:0b
w 2
WW 00:00:00:00:00:00:00:0d
w 4
WW 00:00:00:00:00:00:00:0f
w 5
VV 00:00:00:00:00:00:00:0d 4 4
WW 00:00:00:00:00:00:00:0c
w 1
WW 00:00:00:00:00:00:00:0b
w 2
WW 00:00:00:00:00:00:00:0e
w 3
WW 00:00:00:00:00:00:00:06
w 14
VV 00:00:00:00:00:00:00:09 6 6
WW 00:00:00:00:00:00:00:0b
w 2
VV 00:00:00:00:00:00:00:04 12 12
WW 00:00:00:00:00:00:00:0b
w 2
VV 00:00:00:00:00:00:00:08 7 7
WW 00:00:00:00:00:00:00:0e
w 3
VV 00:00:00:00:00:00:00:0c 1 1
WW 00:00:00:00:00:00:00:0e
w 3
WW 00:00:00:00:00:00:00:0d
w 4
VV 00:00:00:00:00:00:00:0f 5 5
WW 00:00:00:00:00:00:00:05
w 11
WW 00:00:00:00:00:00:00:03
w 9
WW 00:00:00:00:00:00:00:02
w 10
WW 00:00:00:00:00:00:00:0e
w 3
WW 00:00:00:00:00:00:00:07
w 13
VV 00:00:00:00:00:00:00:06 14 14
WW 00:00:00:00:00:00:00:0d
w 4
VV 00:00:00:00:00:00:00:05 11 11
WW 00:00:00:00:00:00:00:0f
w 5
VV 00:00:00:00:00:00:00:03 9 9
WW 00:00:00:00:00:00:00:0f
w 5
VV 00:00:00:00:00:00:00:02 10 10
WW 00:00:00:00:00:00:00:0f
w 5
VV 00:00:00:00:00:00:00:07 13 13
WW 00:00:00:00:00:00:00:0f
w 5
VV 00:00:00:00:00:00:00:03 9 9
WW 00:00:00:00:00:00:00:0f
w 5
VV 00:00:00:00:00:00:00:0f 5 5
WW 00:00:00:00:00:00:00:05
w 11
WW 00:00:00:00:00:00:00:03
w 9
WW 00:00:00:00:00:00:00:02
w 10
WW 00:00:00:00:00:00:00:0e
w 3
WW 00:00:00:00:00:00:00:07
w 13
VV 00:00:00:00:00:00:00:05 11 11
WW 00:00:00:00:00:00:00:0f
w 5
VV 00:00:00:00:00:00:00:02 10 10
WW 00:00:00:00:00:00:00:0f
w 5
VV 00:00:00:00:00:00:00:0e 3 3
WW 00:00:00:00:00:00:00:08
w 7
WW 00:00:00:00:00:00:00:0c
w 1
WW 00:00:00:00:00:00:00:0b
w 2
WW 00:00:00:00:00:00:00:0d
w 4
WW 00:00:00:00:00:00:00:0f
w 5
VV 00:00:00:00:00:00:00:07 13 13
WW 00:00:00:00:00:00:00:0f
w 5
VV 00:00:00:00:00:00:00:08 7 7
WW 00:00:00:00:00:00:00:0e
w 3
VV 00:00:00:00:00:00:00:0c 1 1
WW 00:00:00:00:00:00:00:0e
w 3
WW 00:00:00:00:00:00:00:0d
w 4
VV 00:00:00:00:00:00:00:0b 2 2
WW 00:00:00:00:00:00:00:0a
w 0
WW 00:00:00:00:00:00:00:0e
w 3
WW 00:00:00:00:00:00:00:0d
w 4
WW 00:00:00:00:00:00:00:09
w 6
WW 00:00:00:00:00:00:00:01
w 8
WW 00:00:00:00:00:00:00:04
w 12
VV 00:00:00:00:00:00:00:0d 4 4
WW 00:00:00:00:00:00:00:0c
w 1
WW 00:00:00:00:00:00:00:0b
w 2
WW 00:00:00:00:00:00:00:0e
w 3
WW 00:00:00:00:00:00:00:06
w 14
VV 00:00:00:00:00:00:00:0a 0 0
WW 00:00:00:00:00:00:00:0b
w 2
VV 00:00:00:00:00:00:00:09 6 6
WW 00:00:00:00:00:00:00:0b
w 2
VV 00:00:00:00:00:00:00:01 8 8
WW 00:00:00:00:00:00:00:0b
w 2
VV 00:00:00:00:00:00:00:04 12 12
WW 00:00:00:00:00:00:00:0b
w 2
VV 00:00:00:00:00:00:00:06 14 14
WW 00:00:00:00:00:00:00:0d
w 4
VV 00:00:00:00:00:00:00:02 10 10
WW 00:00:00:00:00:00:00:0f
w 5
VV 00:00:00:00:00:00:00:0f 5 5
WW 00:00:00:00:00:00:00:05
w 11
WW 00:00:00:00:00:00:00:03
w 9
WW 00:00:00:00:00:00:00:02
w 10
WW 00:00:00:00:00:00:00:0e
w 3
WW 00:00:00:00:00:00:00:07
w 13
VV 00:00:00:00:00:00:00:05 11 11
WW 00:00:00:00:00:00:00:0f
w 5
VV 00:00:00:00:00:00:00:03 9 9
WW 00:00:00:00:00:00:00:0f
w 5
VV 00:00:00:00:00:00:00:0e 3 3
WW 00:00:00:00:00:00:00:08
w 7
WW 00:00:00:00:00:00:00:0c
w 1
WW 00:00:00:00:00:00:00:0b
w 2
WW 00:00:00:00:00:00:00:0d
w 4
WW 00:00:00:00:00:00:00:0f
w 5
VV 00:00:00:00:00:00:00:07 13 13
WW 00:00:00:00:00:00:00:0f
w 5
VV 00:00:00:00:00:00:00:08 7 7
WW 00:00:00:00:00:00:00:0e
w 3
VV 00:00:00:00:00:00:00:0c 1 1
WW 00:00:00:00:00:00:00:0e
w 3
WW 00:00:00:00:00:00:00:0d
w 4
VV 00:00:00:00:00:00:00:0b 2 2
WW 00:00:00:00:00:00:00:0a
w 0
WW 00:00:00:00:00:00:00:0e
w 3
WW 00:00:00:00:00:00:00:0d
w 4
WW 00:00:00:00:00:00:00:09
w 6
WW 00:00:00:00:00:00:00:01
w 8
WW 00:00:00:00:00:00:00:04
w 12
VV 00:00:00:00:00:00:00:0d 4 4
WW 00:00:00:00:00:00:00:0c
w 1
WW 00:00:00:00:00:00:00:0b
w 2
WW 00:00:00:00:00:00:00:0e
w 3
WW 00:00:00:00:00:00:00:06
w 14
VV 00:00:00:00:00:00:00:0a 0 0
WW 00:00:00:00:00:00:00:0b
w 2
VV 00:00:00:00:00:00:00:09 6 6
WW 00:00:00:00:00:00:00:0b
w 2
VV 00:00:00:00:00:00:00:01 8 8
WW 00:00:00:00:00:00:00:0b
w 2
VV 00:00:00:00:00:00:00:04 12 12
WW 00:00:00:00:00:00:00:0b
w 2
VV 00:00:00:00:00:00:00:06 14 14
WW 00:00:00:00:00:00:00:0d
w 4
VV 00:00:00:00:00:00:00:05 11 11
WW 00:00:00:00:00:00:00:0f
w 5
VV 00:00:00:00:00:00:00:0f 5 5
WW 00:00:00:00:00:00:00:05
w 11
WW 00:00:00:00:00:00:00:03
w 9
WW 00:00:00:00:00:00:00:02
w 10
WW 00:00:00:00:00:00:00:0e
w 3
WW 00:00:00:00:00:00:00:07
w 13
VV 00:00:00:00:00:00:00:03 9 9
WW 00:00:00:00:00:00:00:0f
w 5
VV 00:00:00:00:00:00:00:02 10 10
WW 00:00:00:00:00:00:00:0f
w 5
VV 00:00:00:00:00:00:00:0e 3 3
WW 00:00:00:00:00:00:00:08
w 7
WW 00:00:00:00:00:00:00:0c
w 1
WW 00:00:00:00:00:00:00:0b
w 2
WW 00:00:00:00:00:00:00:0d
w 4
WW 00:00:00:00:00:00:00:0f
w 5
VV 00:00:00:00:00:00:00:07 13 13
WW 00:00:00:00:00:00:00:0f
w 5
VV 00:00:00:00:00:00:00:08 7 7
WW 00:00:00:00:00:00:00:0e
w 3
VV 00:00:00:00:00:00:00:0c 1 1
WW 00:00:00:00:00:00:00:0e
w 3
WW 00:00:00:00:00:00:00:0d
w 4
VV 00:00:00:00:00:00:00:0b 2 2
WW 00:00:00:00:00:00:00:0a
w 0
WW 00:00:00:00:00:00:00:0e
w 3
WW 00:00:00:00:00:00:00:0d
w 4
WW 00:00:00:00:00:00:00:09
w 6
WW 00:00:00:00:00:00:00:01
w 8
WW 00:00:00:00:00:00:00:04
w 12
VV 00:00:00:00:00:00:00:0d 4 4
WW 00:00:00:00:00:00:00:0c
w 1
WW 00:00:00:00:00:00:00:0b
w 2
WW 00:00:00:00:00:00:00:0e
w 3
WW 00:00:00:00:00:00:00:06
w 14
VV 00:00:00:00:00:00:00:0a 0 0
WW 00:00:00:00:00:00:00:0b
w 2
VV 00:00:00:00:00:00:00:09 6 6
WW 00:00:00:00:00:00:00:0b
w 2
VV 00:00:00:00:00:00:00:01 8 8
WW 00:00:00:00:00:00:00:0b
w 2
VV 00:00:00:00:00:00:00:04 12 12
WW 00:00:00:00:00:00:00:0b
w 2
VV 00:00:00:00:00:00:00:06 14 14
WW 00:00:00:00:00:00:00:0d
w 4
VV 00:00:00:00:00:00:00:04 12 12
WW 00:00:00:00:00:00:00:0b
w 2
VV 00:00:00:00:00:00:00:0b 2 2
WW 00:00:00:00:00:00:00:0a
w 0
WW 00:00:00:00:00:00:00:0e
w 3
WW 00:00:00:00:00:00:00:0d
w 4
WW 00:00:00:00:00:00:00:09
w 6
WW 00:00:00:00:00:00:00:01
w 8
WW 00:00:00:00:00:00:00:04
w 12
VV 00:00:00:00:00:00:00:0a 0 0
WW 00:00:00:00:00:00:00:0b
w 2
VV 00:00:00:00:00:00:00:0e 3 3
WW 00:00:00:00:00:00:00:08
w 7
WW 00:00:00:00:00:00:00:0c
w 1
WW 00:00:00:00:00:00:00:0b
w 2
WW 00:00:00:00:00:00:00:0d
w 4
WW 00:00:00:00:00:00:00:0f
w 5
VV 00:00:00:00:00:00:00:0d 4 4
WW 00:00:00:00:00:00:00:0c
w 1
WW 00:00:00:00:00:00:00:0b
w 2
WW 00:00:00:00:00:00:00:0e
w 3
WW 00:00:00:00:00:00:00:06
w 14
VV 00:00:00:00:00:00:00:09 6 6
WW 00:00:00:00:00:00:00:0b
w 2
VV 00:00:00:00:00:00:00:01 8 8
WW 00:00:00:00:00:00:00:0b
w 2
VV 00:00:00:00:00:00:00:08 7 7
WW 00:00:00:00:00:00:00:0e
w 3
VV 00:00:00:00:00:00:00:0c 1 1
WW 00:00:00:00:00:00:00:0e
w 3
WW 00:00:00:00:00:00:00:0d
w 4
VV 00:00:00:00:00:00:00:0f 5 5
WW 00:00:00:00:00:00:00:05
w 11
WW 00:00:00:00:00:00:00:03
w 9
WW 00:00:00:00:00:00:00:02
w 10
WW 00:00:00:00:00:00:00:0e
w 3
WW 00:00:00:00:00:00:00:07
w 13
VV 00:00:00:00:00:00:00:06 14 14
WW 00:00:00:00:00:00:00:0d
w 4
VV 00:00:00:00:00:00:00:05 11 11
WW 00:00:00:00:00:00:00:0f
w 5
VV 00:00:00:00:00:00:00:03 9 9
WW 00:00:00:00:00:00:00:0f
w 5
VV 00:00:00:00:00:00:00:02 10 10
WW 00:00:00:00:00:00:00:0f
w 5
VV 00:00:00:00:00:00:00:07 13 13
WW 00:00:00:00:00:00:00:0f
w 5
VV 00:00:00:00:00:00:00:07 13 13
WW 00:00:00:00:00:00:00:0f
w 5
VV 00:00:00:00:00:00:00:0f 5 5
WW 00:00:00:00:00:00:00:05
w 11
WW 00:00:00:00:00:00:00:03
w 9
WW 00:00:00:00:00:00:00:02
w 10
WW 00:00:00:00:00:00:00:0e
w 3
WW 00:00:00:00:00:00:00:07
w 13
VV 00:00:00:00:00:00:00:05 11 11
WW 00:00:00:00:00:00:00:0f
w 5
VV 00:00:00:00:00:00:00:03 9 9
WW 00:00:00:00:00:00:00:0f
w 5
VV 00:00:00:00:00:00:00:02 10 10
WW 00:00:00:00:00:00:00:0f
w 5
VV 00:00:00:00:00:00:00:0e 3 3
WW 00:00:00:00:00:00:00:08
w 7
WW 00:00:00:00:00:00:00:0c
w 1
WW 00:00:00:00:00:00:00:0b
w 2
WW 00:00:00:00:00:00:00:0d
w 4
WW 00:00:00:00:00:00:00:0f
w 5
VV 00:00:00:00:00:00:00:08 7 7
WW 00:00:00:00:00:00:00:0e
w 3
VV 00:00:00:00:00:00:00:0c 1 1
WW 00:00:00:00:00:00:00:0e
w 3
WW 00:00:00:00:00:00:00:0d
w 4
VV 00:00:00:00:00:00:00:0b 2 2
WW 00:00:00:00:00:00:00:0a
w 0
WW 00:00:00:00:00:00:00:0e
w 3
WW 00:00:00:00:00:00:00:0d
w 4
WW 00:00:00:00:00:00:00:09
w 6
WW 00:00:00:00:00:00:00:01
w 8
WW 00:00:00:00:00:00:00:04
w 12
VV 00:00:00:00:00:00:00:0d 4 4
WW 00:00:00:00:00:00:00:0c
w 1
WW 00:00:00:00:00:00:00:0b
w 2
WW 00:00:00:00:00:00:00:0e
w 3
WW 00:00:00:00:00:00:00:06
w 14
VV 00:00:00:00:00:00:00:0a 0 0
WW 00:00:00:00:00:00:00:0b
w 2
VV 00:00:00:00:00:00:00:09 6 6
WW 00:00:00:00:00:00:00:0b
w 2
VV 00:00:00:00:00:00:00:01 8 8
WW 00:00:00:00:00:00:00:0b
w 2
VV 00:00:00:00:00:00:00:04 12 12
WW 00:00:00:00:00:00:00:0b
w 2
VV 00:00:00:00:00:00:00:06 14 14
WW 00:00:00:00:00:00:00:0d
w 4
VV 00:00:00:00:00:00:00:06 14 14
WW 00:00:00:00:00:00:00:0d
w 4
VV 00:00:00:00:00:00:00:0d 4 4
WW 00:00:00:00:00:00:00:0c
w 1
WW 00:00:00:00:00:00:00:0b
w 2
WW 00:00:00:00:00:00:00:0e
w 3
WW 00:00:00:00:00:00:00:06
w 14
VV 00:00:00:00:00:00:00:0c 1 1
WW 00:00:00:00:00:00:00:0e
w 3
WW 00:00:00:00:00:00:00:0d
w 4
VV 00:00:00:00:00:00:00:0b 2 2
WW 00:00:00:00:00:00:00:0a
w 0
WW 00:00:00:00:00:00:00:0e
w 3
WW 00:00:00:00:00:00:00:0d
w 4
WW 00:00:00:00:00:00:00:09
w 6
WW 00:00:00:00:00:00:00:01
w 8
WW 00:00:00:00:00:00:00:04
w 12
VV 00:00:00:00:00:00:00:0e 3 3
WW 00:00:00:00:00:00:00:08
w 7
WW 00:00:00:00:00:00:00:0c
w 1
WW 00:00:00:00:00:00:00:0b
w 2
WW 00:00:00:00:00:00:00:0d
w 4
WW 00:00:00:00:00:00:00:0f
w 5
VV 00:00:00:00:00:00:00:0a 0 0
WW 00:00:00:00:00:00:00:0b
w 2
VV 00:00:00:00:00:00:00:09 6 6
WW 00:00:00:00:00:00:00:0b
w 2
VV 00:00:00:00:00:00:00:01 8 8
WW 00:00:00:00:00:00:00:0b
w 2
VV 00:00:00:00:00:00:00:04 12 12
WW 00:00:00:00:00:00:00:0b
w 2
VV 00:00:00:00:00:00:00:08 7 7
WW 00:00:00:00:00:00:00:0e
w 3
VV 00:00:00:00:00:00:00:0f 5 5
WW 00:00:00:00:00:00:00:05
w 11
WW 00:00:00:00:00:00:00:03
w 9
WW 00:00:00:00:00:00:00:02
w 10
WW 00:00:00:00:00:00:00:0e
w 3
WW 00:00:00:00:00:00:00:07
w 13
VV 00:00:00:00:00:00:00:05 11 11
WW 00:00:00:00:00:00:00:0f
w 5
VV 00:00:00:00:00:00:00:03 9 9
WW 00:00:00:00:00:00:00:0f
w 5
VV 00:00:00:00:00:00:00:02 10 10
WW 00:00:00:00:00:00:00:0f
w 5
VV 00:00:00:00:00:00:00:07 13 13
WW 00:00:00:00:00:00:00:0f
w 5
GB1 <ulrik.WeightedUlrik instance at 0x7f2503642d88>
Successors  [u'00:00:00:00:00:00:00:0b', u'00:00:00:00:00:00:00:0a']
Candidates 0
Candidates 2
GBBB 120.0
GBCresult 8.57142857143

NetFlow Enabled Routers selected by the Highest GBC
---------------------------------------------
NER 0 :     MAC-Address     00:00:00:00:00:00:00:0b
NER 1 :     MAC-Address     00:00:00:00:00:00:00:0a

Endpoint_MAC_Address              Port    Subnets        
---------------------------------------------------------

00:00:00:00:00:00:00:01            1    10.0.0.147     
00:00:00:00:00:00:00:01            1    10.0.0.164     
00:00:00:00:00:00:00:01            1    10.0.0.136     
00:00:00:00:00:00:00:01            1    10.0.0.154     
00:00:00:00:00:00:00:01            1    10.0.0.55      
00:00:00:00:00:00:00:01            1    10.0.0.210     
00:00:00:00:00:00:00:01            1    10.0.0.18      
00:00:00:00:00:00:00:01            1    10.0.0.135     
00:00:00:00:00:00:00:01            1    10.0.0.130     
00:00:00:00:00:00:00:01            1    10.0.0.200     
00:00:00:00:00:00:00:01            1    10.0.0.38      
00:00:00:00:00:00:00:01            1    10.0.0.182     
00:00:00:00:00:00:00:02            1    10.0.0.231     
00:00:00:00:00:00:00:01            1    10.0.0.23      
00:00:00:00:00:00:00:01            1    10.0.0.58      
00:00:00:00:00:00:00:01            1    10.0.0.20      
00:00:00:00:00:00:00:01            1    10.0.0.149     
00:00:00:00:00:00:00:01            1    10.0.0.39      
00:00:00:00:00:00:00:01            1    10.0.0.152     
00:00:00:00:00:00:00:01            1    10.0.0.168     
00:00:00:00:00:00:00:02            1    10.0.0.102     
00:00:00:00:00:00:00:01            1    10.0.0.25      
00:00:00:00:00:00:00:01            1    10.0.0.199     
00:00:00:00:00:00:00:01            1    10.0.0.106     
00:00:00:00:00:00:00:01            1    10.0.0.82      
00:00:00:00:00:00:00:01            1    10.0.0.180     
00:00:00:00:00:00:00:01            7    10.0.0.6       
00:00:00:00:00:00:00:01            1    10.0.0.52      
00:00:00:00:00:00:00:01            1    10.0.0.233     
00:00:00:00:00:00:00:02            1    10.0.0.37      
00:00:00:00:00:00:00:02            2    10.0.0.17      
00:00:00:00:00:00:00:02            1    10.0.0.228     
00:00:00:00:00:00:00:01            1    10.0.0.195     
00:00:00:00:00:00:00:01            1    10.0.0.116     
00:00:00:00:00:00:00:02            7    10.0.0.22      
00:00:00:00:00:00:00:01            1    10.0.0.57      
00:00:00:00:00:00:00:01            1    10.0.0.212     
00:00:00:00:00:00:00:01            1    10.0.0.103     
00:00:00:00:00:00:00:02            1    10.0.0.40      
00:00:00:00:00:00:00:02            1    10.0.0.42      
00:00:00:00:00:00:00:01            1    10.0.0.167     
00:00:00:00:00:00:00:01            1    10.0.0.132     
00:00:00:00:00:00:00:01            1    10.0.0.71      
00:00:00:00:00:00:00:01            5    10.0.0.4       
00:00:00:00:00:00:00:01            1    10.0.0.202     
00:00:00:00:00:00:00:01            1    10.0.0.114     
00:00:00:00:00:00:00:01            1    10.0.0.145     
00:00:00:00:00:00:00:01            1    10.0.0.163     
00:00:00:00:00:00:00:02            1    10.0.0.68      
00:00:00:00:00:00:00:01            1    10.0.0.151     
00:00:00:00:00:00:00:01            1    10.0.0.234     
00:00:00:00:00:00:00:01            1    10.0.0.185     
00:00:00:00:00:00:00:01            1    10.0.0.54      
00:00:00:00:00:00:00:01            1    10.0.0.67      
00:00:00:00:00:00:00:01            1    10.0.0.166     
00:00:00:00:00:00:00:01            1    10.0.0.33      
00:00:00:00:00:00:00:01            1    10.0.0.86      
00:00:00:00:00:00:00:01            1    10.0.0.217     
00:00:00:00:00:00:00:01            1    10.0.0.183     
00:00:00:00:00:00:00:01            1    10.0.0.133     
00:00:00:00:00:00:00:01            1    10.0.0.170     
00:00:00:00:00:00:00:02            4    10.0.0.19      
00:00:00:00:00:00:00:01            1    10.0.0.211     
00:00:00:00:00:00:00:01            1    10.0.0.179     
00:00:00:00:00:00:00:01            1    10.0.0.218     
00:00:00:00:00:00:00:01            1    10.0.0.83      
00:00:00:00:00:00:00:01            1    10.0.0.85      
00:00:00:00:00:00:00:01            1    10.0.0.138     
00:00:00:00:00:00:00:01            1    10.0.0.137     
00:00:00:00:00:00:00:01            1    10.0.0.153     
00:00:00:00:00:00:00:01            1    10.0.0.101     
00:00:00:00:00:00:00:01            1    10.0.0.100     
00:00:00:00:00:00:00:01            1    10.0.0.181     
00:00:00:00:00:00:00:01            1    10.0.0.87      
00:00:00:00:00:00:00:01            1    10.0.0.121     
00:00:00:00:00:00:00:01            3    10.0.0.2       
00:00:00:00:00:00:00:01            1    10.0.0.184     
00:00:00:00:00:00:00:01            1    10.0.0.70      
00:00:00:00:00:00:00:02            1    10.0.0.74      
00:00:00:00:00:00:00:01            1    10.0.0.225     
00:00:00:00:00:00:00:02            1    10.0.0.97      
00:00:00:00:00:00:00:01           10    10.0.0.9       
00:00:00:00:00:00:00:01            1    10.0.0.81      
00:00:00:00:00:00:00:01            1    10.0.0.134     
00:00:00:00:00:00:00:01            1    10.0.0.178     
00:00:00:00:00:00:00:02            1    10.0.0.104     
00:00:00:00:00:00:00:01            1    10.0.0.209     
00:00:00:00:00:00:00:01            1    10.0.0.53      
00:00:00:00:00:00:00:01            1    10.0.0.131     
00:00:00:00:00:00:00:01            1    10.0.0.69      
00:00:00:00:00:00:00:01            1    10.0.0.51      
00:00:00:00:00:00:00:01            1    10.0.0.161     
00:00:00:00:00:00:00:01            1    10.0.0.120     
00:00:00:00:00:00:00:01            1    10.0.0.214     
00:00:00:00:00:00:00:01            1    10.0.0.66      
00:00:00:00:00:00:00:01            1    10.0.0.73      
00:00:00:00:00:00:00:01            9    10.0.0.8       
00:00:00:00:00:00:00:01           11    10.0.0.10      
00:00:00:00:00:00:00:01            1    10.0.0.119     
00:00:00:00:00:00:00:01            1    10.0.0.113     
00:00:00:00:00:00:00:01            1    10.0.0.229     
00:00:00:00:00:00:00:01            1    10.0.0.198     
00:00:00:00:00:00:00:01            1    10.0.0.89      
00:00:00:00:00:00:00:01            1    10.0.0.88      
00:00:00:00:00:00:00:01            1    10.0.0.197     
00:00:00:00:00:00:00:01            1    10.0.0.122     
00:00:00:00:00:00:00:01            1    10.0.0.213     
00:00:00:00:00:00:00:01            1    10.0.0.232     
00:00:00:00:00:00:00:01            1    10.0.0.146     
00:00:00:00:00:00:00:02            9    10.0.0.24      
00:00:00:00:00:00:00:01            1    10.0.0.50      
00:00:00:00:00:00:00:01            1    10.0.0.65      
00:00:00:00:00:00:00:02            1    10.0.0.36      
00:00:00:00:00:00:00:01            1    10.0.0.216     
00:00:00:00:00:00:00:01            2    10.0.0.1       
00:00:00:00:00:00:00:01            1    10.0.0.118     
00:00:00:00:00:00:00:01            1    10.0.0.165     
00:00:00:00:00:00:00:01            1    10.0.0.169     
00:00:00:00:00:00:00:01            6    10.0.0.5       
00:00:00:00:00:00:00:01            1    10.0.0.34      
00:00:00:00:00:00:00:01            1    10.0.0.194     
00:00:00:00:00:00:00:01            1    10.0.0.129     
00:00:00:00:00:00:00:01            1    10.0.0.41      
00:00:00:00:00:00:00:01            1    10.0.0.90      
00:00:00:00:00:00:00:01            1    10.0.0.72      
00:00:00:00:00:00:00:01            1    10.0.0.230     
00:00:00:00:00:00:00:01            1    10.0.0.115     
00:00:00:00:00:00:00:01            1    10.0.0.196     
00:00:00:00:00:00:00:01            4    10.0.0.3       
00:00:00:00:00:00:00:01            1    10.0.0.201     
00:00:00:00:00:00:00:01            1    10.0.0.226     
00:00:00:00:00:00:00:01            1    10.0.0.215     
00:00:00:00:00:00:00:01            1    10.0.0.56      
00:00:00:00:00:00:00:01            1    10.0.0.105     
00:00:00:00:00:00:00:01            1    10.0.0.177     
00:00:00:00:00:00:00:01            1    10.0.0.35      
00:00:00:00:00:00:00:01            1    10.0.0.150     
00:00:00:00:00:00:00:01            8    10.0.0.7       
00:00:00:00:00:00:00:01            1    10.0.0.26      
00:00:00:00:00:00:00:02            6    10.0.0.21      
00:00:00:00:00:00:00:01            1    10.0.0.186     
00:00:00:00:00:00:00:02            1    10.0.0.99      
00:00:00:00:00:00:00:01            1    10.0.0.49      
00:00:00:00:00:00:00:01            1    10.0.0.98      
00:00:00:00:00:00:00:01            1    10.0.0.227     
00:00:00:00:00:00:00:01            1    10.0.0.117     
00:00:00:00:00:00:00:01            1    10.0.0.84      
00:00:00:00:00:00:00:01            1    10.0.0.193     
00:00:00:00:00:00:00:01            1    10.0.0.162     
00:00:00:00:00:00:00:01            1    10.0.0.148     
